{"/Users/dineshraj/dev/101ways-pairing-tests/snack-shack/index.ts": {"path":"/Users/dineshraj/dev/101ways-pairing-tests/snack-shack/index.ts","statementMap":{"0":{"start":{"line":1,"column":0},"end":{"line":1,"column":78}},"1":{"start":{"line":2,"column":0},"end":{"line":2,"column":64}},"2":{"start":{"line":3,"column":0},"end":{"line":3,"column":63}},"3":{"start":{"line":5,"column":26},"end":{"line":5,"column":27}},"4":{"start":{"line":6,"column":28},"end":{"line":6,"column":29}},"5":{"start":{"line":7,"column":33},"end":{"line":7,"column":35}},"6":{"start":{"line":8,"column":28},"end":{"line":8,"column":30}},"7":{"start":{"line":10,"column":35},"end":{"line":10,"column":37}},"8":{"start":{"line":12,"column":22},"end":{"line":24,"column":1}},"9":{"start":{"line":13,"column":2},"end":{"line":23,"column":null}},"10":{"start":{"line":15,"column":23},"end":{"line":15,"column":56}},"11":{"start":{"line":16,"column":42},"end":{"line":16,"column":106}},"12":{"start":{"line":17,"column":4},"end":{"line":17,"column":33}},"13":{"start":{"line":18,"column":52},"end":{"line":18,"column":94}},"14":{"start":{"line":19,"column":4},"end":{"line":19,"column":37}},"15":{"start":{"line":20,"column":4},"end":{"line":20,"column":83}},"16":{"start":{"line":21,"column":4},"end":{"line":21,"column":54}},"17":{"start":{"line":22,"column":4},"end":{"line":22,"column":56}},"18":{"start":{"line":26,"column":19},"end":{"line":29,"column":1}},"19":{"start":{"line":27,"column":2},"end":{"line":27,"column":24}},"20":{"start":{"line":28,"column":2},"end":{"line":28,"column":23}},"21":{"start":{"line":31,"column":0},"end":{"line":31,"column":26}}},"fnMap":{"0":{"name":"(anonymous_1)","decl":{"start":{"line":12,"column":22},"end":{"line":12,"column":23}},"loc":{"start":{"line":12,"column":48},"end":{"line":24,"column":1}}},"1":{"name":"(anonymous_2)","decl":{"start":{"line":13,"column":17},"end":{"line":13,"column":18}},"loc":{"start":{"line":13,"column":30},"end":{"line":23,"column":3}}},"2":{"name":"(anonymous_3)","decl":{"start":{"line":26,"column":19},"end":{"line":26,"column":20}},"loc":{"start":{"line":26,"column":45},"end":{"line":29,"column":1}}}},"branchMap":{},"s":{"0":1,"1":1,"2":1,"3":1,"4":1,"5":1,"6":1,"7":1,"8":1,"9":1,"10":3,"11":3,"12":3,"13":3,"14":3,"15":3,"16":3,"17":3,"18":1,"19":1,"20":1,"21":1},"f":{"0":1,"1":3,"2":1},"b":{}}
,"/Users/dineshraj/dev/101ways-pairing-tests/snack-shack/utils/calculateEstimatedOrderTime.ts": {"path":"/Users/dineshraj/dev/101ways-pairing-tests/snack-shack/utils/calculateEstimatedOrderTime.ts","statementMap":{"0":{"start":{"line":1,"column":0},"end":{"line":8,"column":null}},"1":{"start":{"line":3,"column":25},"end":{"line":3,"column":43}},"2":{"start":{"line":4,"column":30},"end":{"line":4,"column":46}},"3":{"start":{"line":5,"column":2},"end":{"line":5,"column":25}},"4":{"start":{"line":7,"column":2},"end":{"line":7,"column":49}}},"fnMap":{"0":{"name":"(anonymous_0)","decl":{"start":{"line":1,"column":15},"end":{"line":1,"column":16}},"loc":{"start":{"line":1,"column":59},"end":{"line":8,"column":1}}}},"branchMap":{},"s":{"0":2,"1":4,"2":4,"3":4,"4":4},"f":{"0":4},"b":{}}
,"/Users/dineshraj/dev/101ways-pairing-tests/snack-shack/utils/calculateServingTime.ts": {"path":"/Users/dineshraj/dev/101ways-pairing-tests/snack-shack/utils/calculateServingTime.ts","statementMap":{"0":{"start":{"line":1,"column":0},"end":{"line":1,"column":56}},"1":{"start":{"line":3,"column":0},"end":{"line":11,"column":2}},"2":{"start":{"line":5,"column":2},"end":{"line":5,"column":34}},"3":{"start":{"line":6,"column":28},"end":{"line":6,"column":60}},"4":{"start":{"line":8,"column":2},"end":{"line":8,"column":29}},"5":{"start":{"line":10,"column":2},"end":{"line":10,"column":42}}},"fnMap":{"0":{"name":"(anonymous_1)","decl":{"start":{"line":3,"column":15},"end":{"line":3,"column":16}},"loc":{"start":{"line":3,"column":104},"end":{"line":11,"column":1}}}},"branchMap":{},"s":{"0":2,"1":2,"2":4,"3":4,"4":4,"5":4},"f":{"0":4},"b":{}}
,"/Users/dineshraj/dev/101ways-pairing-tests/snack-shack/utils/currentTimeToString.ts": {"path":"/Users/dineshraj/dev/101ways-pairing-tests/snack-shack/utils/currentTimeToString.ts","statementMap":{"0":{"start":{"line":1,"column":0},"end":{"line":3,"column":2}},"1":{"start":{"line":2,"column":2},"end":{"line":2,"column":93}}},"fnMap":{"0":{"name":"(anonymous_0)","decl":{"start":{"line":1,"column":15},"end":{"line":1,"column":16}},"loc":{"start":{"line":1,"column":39},"end":{"line":3,"column":1}}}},"branchMap":{},"s":{"0":2,"1":7},"f":{"0":7},"b":{}}
}
