{"/Users/dineshraj/dev/101ways-pairing-tests/snack-shack/index.ts": {"path":"/Users/dineshraj/dev/101ways-pairing-tests/snack-shack/index.ts","statementMap":{"0":{"start":{"line":1,"column":0},"end":{"line":1,"column":78}},"1":{"start":{"line":2,"column":0},"end":{"line":2,"column":64}},"2":{"start":{"line":3,"column":0},"end":{"line":3,"column":63}},"3":{"start":{"line":5,"column":33},"end":{"line":5,"column":35}},"4":{"start":{"line":6,"column":28},"end":{"line":6,"column":30}},"5":{"start":{"line":7,"column":20},"end":{"line":7,"column":23}},"6":{"start":{"line":9,"column":22},"end":{"line":31,"column":1}},"7":{"start":{"line":10,"column":39},"end":{"line":10,"column":41}},"8":{"start":{"line":11,"column":28},"end":{"line":11,"column":29}},"9":{"start":{"line":12,"column":30},"end":{"line":12,"column":31}},"10":{"start":{"line":13,"column":2},"end":{"line":29,"column":null}},"11":{"start":{"line":15,"column":23},"end":{"line":15,"column":56}},"12":{"start":{"line":16,"column":42},"end":{"line":16,"column":106}},"13":{"start":{"line":18,"column":52},"end":{"line":18,"column":94}},"14":{"start":{"line":20,"column":4},"end":{"line":28,"column":5}},"15":{"start":{"line":21,"column":6},"end":{"line":21,"column":35}},"16":{"start":{"line":22,"column":6},"end":{"line":22,"column":39}},"17":{"start":{"line":23,"column":6},"end":{"line":23,"column":85}},"18":{"start":{"line":24,"column":6},"end":{"line":24,"column":56}},"19":{"start":{"line":25,"column":6},"end":{"line":25,"column":58}},"20":{"start":{"line":27,"column":6},"end":{"line":27,"column":81}},"21":{"start":{"line":30,"column":2},"end":{"line":30,"column":23}},"22":{"start":{"line":33,"column":19},"end":{"line":35,"column":1}},"23":{"start":{"line":34,"column":2},"end":{"line":34,"column":31}},"24":{"start":{"line":37,"column":0},"end":{"line":37,"column":26}}},"fnMap":{"0":{"name":"(anonymous_1)","decl":{"start":{"line":9,"column":22},"end":{"line":9,"column":23}},"loc":{"start":{"line":9,"column":48},"end":{"line":31,"column":1}}},"1":{"name":"(anonymous_2)","decl":{"start":{"line":13,"column":17},"end":{"line":13,"column":18}},"loc":{"start":{"line":13,"column":27},"end":{"line":29,"column":3}}},"2":{"name":"(anonymous_3)","decl":{"start":{"line":33,"column":19},"end":{"line":33,"column":20}},"loc":{"start":{"line":33,"column":45},"end":{"line":35,"column":1}}}},"branchMap":{"0":{"loc":{"start":{"line":20,"column":4},"end":{"line":28,"column":5}},"type":"if","locations":[{"start":{"line":20,"column":4},"end":{"line":28,"column":5}},{"start":{"line":26,"column":11},"end":{"line":28,"column":5}}]}},"s":{"0":1,"1":1,"2":1,"3":1,"4":1,"5":1,"6":1,"7":3,"8":3,"9":3,"10":3,"11":12,"12":12,"13":12,"14":12,"15":8,"16":8,"17":8,"18":8,"19":8,"20":4,"21":3,"22":1,"23":3,"24":1},"f":{"0":3,"1":12,"2":3},"b":{"0":[8,4]}}
,"/Users/dineshraj/dev/101ways-pairing-tests/snack-shack/utils/calculateEstimatedOrderTime.ts": {"path":"/Users/dineshraj/dev/101ways-pairing-tests/snack-shack/utils/calculateEstimatedOrderTime.ts","statementMap":{"0":{"start":{"line":1,"column":0},"end":{"line":8,"column":null}},"1":{"start":{"line":3,"column":25},"end":{"line":3,"column":43}},"2":{"start":{"line":4,"column":30},"end":{"line":4,"column":46}},"3":{"start":{"line":5,"column":2},"end":{"line":5,"column":25}},"4":{"start":{"line":7,"column":2},"end":{"line":7,"column":49}}},"fnMap":{"0":{"name":"(anonymous_0)","decl":{"start":{"line":1,"column":15},"end":{"line":1,"column":16}},"loc":{"start":{"line":1,"column":59},"end":{"line":8,"column":1}}}},"branchMap":{},"s":{"0":2,"1":13,"2":13,"3":13,"4":13},"f":{"0":13},"b":{}}
,"/Users/dineshraj/dev/101ways-pairing-tests/snack-shack/utils/calculateServingTime.ts": {"path":"/Users/dineshraj/dev/101ways-pairing-tests/snack-shack/utils/calculateServingTime.ts","statementMap":{"0":{"start":{"line":1,"column":0},"end":{"line":1,"column":56}},"1":{"start":{"line":3,"column":0},"end":{"line":12,"column":2}},"2":{"start":{"line":4,"column":23},"end":{"line":4,"column":34}},"3":{"start":{"line":6,"column":2},"end":{"line":6,"column":37}},"4":{"start":{"line":7,"column":28},"end":{"line":7,"column":63}},"5":{"start":{"line":9,"column":2},"end":{"line":9,"column":32}},"6":{"start":{"line":11,"column":2},"end":{"line":11,"column":45}}},"fnMap":{"0":{"name":"(anonymous_1)","decl":{"start":{"line":3,"column":15},"end":{"line":3,"column":16}},"loc":{"start":{"line":3,"column":104},"end":{"line":12,"column":1}}}},"branchMap":{},"s":{"0":2,"1":2,"2":13,"3":13,"4":13,"5":13,"6":13},"f":{"0":13},"b":{}}
,"/Users/dineshraj/dev/101ways-pairing-tests/snack-shack/utils/currentTimeToString.ts": {"path":"/Users/dineshraj/dev/101ways-pairing-tests/snack-shack/utils/currentTimeToString.ts","statementMap":{"0":{"start":{"line":1,"column":0},"end":{"line":3,"column":2}},"1":{"start":{"line":2,"column":2},"end":{"line":2,"column":93}}},"fnMap":{"0":{"name":"(anonymous_0)","decl":{"start":{"line":1,"column":15},"end":{"line":1,"column":16}},"loc":{"start":{"line":1,"column":39},"end":{"line":3,"column":1}}}},"branchMap":{},"s":{"0":2,"1":25},"f":{"0":25},"b":{}}
}
