TN:
SF:index.ts
FN:9,(anonymous_1)
FN:13,(anonymous_2)
FN:33,(anonymous_3)
FNF:3
FNH:3
FNDA:3,(anonymous_1)
FNDA:12,(anonymous_2)
FNDA:3,(anonymous_3)
DA:1,1
DA:2,1
DA:3,1
DA:5,1
DA:6,1
DA:7,1
DA:9,1
DA:10,3
DA:11,3
DA:12,3
DA:13,3
DA:15,12
DA:16,12
DA:18,12
DA:20,12
DA:21,8
DA:22,8
DA:23,8
DA:24,8
DA:25,8
DA:27,4
DA:30,3
DA:33,1
DA:34,3
DA:37,1
LF:25
LH:25
BRDA:20,0,0,8
BRDA:20,0,1,4
BRF:2
BRH:2
end_of_record
TN:
SF:utils/calculateEstimatedOrderTime.ts
FN:1,(anonymous_0)
FNF:1
FNH:1
FNDA:13,(anonymous_0)
DA:1,2
DA:3,13
DA:4,13
DA:5,13
DA:7,13
LF:5
LH:5
BRF:0
BRH:0
end_of_record
TN:
SF:utils/calculateServingTime.ts
FN:3,(anonymous_1)
FNF:1
FNH:1
FNDA:13,(anonymous_1)
DA:1,2
DA:3,2
DA:4,13
DA:6,13
DA:7,13
DA:9,13
DA:11,13
LF:7
LH:7
BRF:0
BRH:0
end_of_record
TN:
SF:utils/currentTimeToString.ts
FN:1,(anonymous_0)
FNF:1
FNH:1
FNDA:25,(anonymous_0)
DA:1,2
DA:2,25
LF:2
LH:2
BRF:0
BRH:0
end_of_record
