TN:
SF:index.ts
FN:8,(anonymous_0)
FN:18,(anonymous_1)
FN:24,(anonymous_2)
FN:34,(anonymous_3)
FN:35,(anonymous_4)
FN:45,(anonymous_5)
FNF:6
FNH:6
FNDA:3,(anonymous_0)
FNDA:3,(anonymous_1)
FNDA:3,(anonymous_2)
FNDA:1,(anonymous_3)
FNDA:3,(anonymous_4)
FNDA:1,(anonymous_5)
DA:1,1
DA:2,1
DA:3,1
DA:4,1
DA:6,1
DA:8,1
DA:12,3
DA:13,3
DA:14,3
DA:15,3
DA:18,1
DA:20,3
DA:21,3
DA:24,1
DA:26,3
DA:27,3
DA:29,3
DA:31,3
DA:34,1
DA:35,1
DA:36,3
DA:37,3
DA:38,3
DA:39,3
DA:40,3
DA:41,3
DA:45,1
DA:46,1
DA:47,1
DA:50,1
LF:30
LH:30
BRF:0
BRH:0
end_of_record
